#
# There is insufficient memory for the Java Runtime Environment to continue.
# Native memory allocation (mmap) failed to map 402653184 bytes for Failed to commit area from 0x0000000480e00000 to 0x0000000498e00000 of length 402653184.
# Possible reasons:
#   The system is out of physical RAM or swap space
#   The process is running with CompressedOops enabled, and the Java Heap may be blocking the growth of the native heap
# Possible solutions:
#   Reduce memory load on the system
#   Increase physical memory or swap space
#   Check if swap backing store is full
#   Decrease Java heap size (-Xmx/-Xms)
#   Decrease number of Java threads
#   Decrease Java thread stack sizes (-Xss)
#   Set larger code cache with -XX:ReservedCodeCacheSize=
# This output file may be truncated or incomplete.
#
#  Out of Memory Error (./src/hotspot/os/windows/os_windows.cpp:3387), pid=38448, tid=42196
#
# JRE version:  (11.0.14.1+1) (build )
# Java VM: OpenJDK 64-Bit Server VM (11.0.14.1+1, mixed mode, sharing, tiered, compressed oops, g1 gc, windows-amd64)
# No core dump will be written. Minidumps are not enabled by default on client versions of Windows
#

---------------  S U M M A R Y ------------

Command Line: -Dfile.encoding=UTF-8 org.gradle.launcher.GradleMain -Dorg.gradle.jvmargs=-Xmx4096m --stop

Host: Intel(R) Core(TM) i7-8700K CPU @ 3.70GHz, 12 cores, 23G,  Windows 11 , 64 bit Build 22621 (10.0.22621.3958)
Time: Mon Sep 23 00:27:40 2024 India Standard Time elapsed time: 0.009324 seconds (0d 0h 0m 0s)

---------------  T H R E A D  ---------------

Current thread (0x00000118d7175800):  JavaThread "Unknown thread" [_thread_in_vm, id=42196, stack(0x0000000740900000,0x0000000740a00000)]

Stack: [0x0000000740900000,0x0000000740a00000]
Native frames: (J=compiled Java code, j=interpreted, Vv=VM code, C=native code)
V  [jvm.dll+0x61e59a]
V  [jvm.dll+0x7aaca9]
V  [jvm.dll+0x7ac398]
V  [jvm.dll+0x7aca73]
V  [jvm.dll+0x24f9b8]
V  [jvm.dll+0x61b83a]
V  [jvm.dll+0x6100c5]
V  [jvm.dll+0x30772c]
V  [jvm.dll+0x3075b2]
V  [jvm.dll+0x30c2d6]
V  [jvm.dll+0x35272f]
V  [jvm.dll+0x352160]
V  [jvm.dll+0x2e4728]
V  [jvm.dll+0x2e5886]
V  [jvm.dll+0x784b07]
V  [jvm.dll+0x78628f]
V  [jvm.dll+0x35f479]
V  [jvm.dll+0x767aa0]
V  [jvm.dll+0x3ccf1f]
V  [jvm.dll+0x3cf2b1]
C  [jli.dll+0x5207]
C  [ucrtbase.dll+0x29333]
C  [KERNEL32.DLL+0x1257d]
C  [ntdll.dll+0x5af28]


---------------  P R O C E S S  ---------------

Threads class SMR info:
_java_thread_list=0x00000118d4f14d50, length=0, elements={
}

Java Threads: ( => current thread )

Other Threads:
  0x00000118d4fee800 GCTaskThread "GC Thread#0" [stack: 0x0000000740a00000,0x0000000740b00000] [id=39992]
  0x00000118d7212800 ConcurrentGCThread "G1 Main Marker" [stack: 0x0000000740b00000,0x0000000740c00000] [id=29244]
  0x00000118d7214000 ConcurrentGCThread "G1 Conc#0" [stack: 0x0000000740c00000,0x0000000740d00000] [id=41028]

[error occurred during error reporting (printing all threads), id 0xc0000005, EXCEPTION_ACCESS_VIOLATION (0xc0000005) at pc=0x00007ff89c833ef7]

VM state:not at safepoint (not fully initialized)

VM Mutex/Monitor currently owned by a thread:  ([mutex/lock_event])
[0x00000118d7170330] Heap_lock - owner thread: 0x00000118d7175800

Heap address: 0x0000000480e00000, size: 6122 MB, Compressed Oops mode: Non-zero based: 0x0000000480e00000
Narrow klass base: 0x0000000000000000, Narrow klass shift: 0

GC Heap History (0 events):
No events

Deoptimization events (0 events):
No events

Classes redefined (0 events):
No events

Internal exceptions (0 events):
No events

Events (1 events):
Event: 0.006 Loaded shared library C:\Program Files\Unity\Hub\Editor\2022.3.26f1\Editor\Data\PlaybackEngines\AndroidPlayer\OpenJDK\bin\zip.dll


Dynamic libraries:
0x00007ff683eb0000 - 0x00007ff683ebd000 	C:\Program Files\Unity\Hub\Editor\2022.3.26f1\Editor\Data\PlaybackEngines\AndroidPlayer\OpenJDK\bin\java.exe
0x00007ff9afc50000 - 0x00007ff9afe67000 	C:\Windows\SYSTEM32\ntdll.dll
0x00007ff9af0d0000 - 0x00007ff9af194000 	C:\Windows\System32\KERNEL32.DLL
0x00007ff9ad550000 - 0x00007ff9ad8fd000 	C:\Windows\System32\KERNELBASE.dll
0x00007ff9ad1a0000 - 0x00007ff9ad2b1000 	C:\Windows\System32\ucrtbase.dll
0x00007ff98ae20000 - 0x00007ff98ae37000 	C:\Program Files\Unity\Hub\Editor\2022.3.26f1\Editor\Data\PlaybackEngines\AndroidPlayer\OpenJDK\bin\jli.dll
0x00007ff986170000 - 0x00007ff986185000 	C:\Program Files\Unity\Hub\Editor\2022.3.26f1\Editor\Data\PlaybackEngines\AndroidPlayer\OpenJDK\bin\VCRUNTIME140.dll
0x00007ff9adbe0000 - 0x00007ff9add8e000 	C:\Windows\System32\USER32.dll
0x00007ff9ad410000 - 0x00007ff9ad436000 	C:\Windows\System32\win32u.dll
0x00007ff99e690000 - 0x00007ff99e923000 	C:\Windows\WinSxS\amd64_microsoft.windows.common-controls_6595b64144ccf1df_6.0.22621.3672_none_2713b9d173822955\COMCTL32.dll
0x00007ff9ae6f0000 - 0x00007ff9ae719000 	C:\Windows\System32\GDI32.dll
0x00007ff9ae840000 - 0x00007ff9ae8e7000 	C:\Windows\System32\msvcrt.dll
0x00007ff9ad2c0000 - 0x00007ff9ad3d9000 	C:\Windows\System32\gdi32full.dll
0x00007ff9ad440000 - 0x00007ff9ad4da000 	C:\Windows\System32\msvcp_win.dll
0x00007ff9ae8f0000 - 0x00007ff9ae921000 	C:\Windows\System32\IMM32.DLL
0x00007ff92f540000 - 0x00007ff92f5db000 	C:\Program Files\Unity\Hub\Editor\2022.3.26f1\Editor\Data\PlaybackEngines\AndroidPlayer\OpenJDK\bin\msvcp140.dll
0x00007ff89c540000 - 0x00007ff89d0c1000 	C:\Program Files\Unity\Hub\Editor\2022.3.26f1\Editor\Data\PlaybackEngines\AndroidPlayer\OpenJDK\bin\server\jvm.dll
0x00007ff9ae780000 - 0x00007ff9ae832000 	C:\Windows\System32\ADVAPI32.dll
0x00007ff9af020000 - 0x00007ff9af0c9000 	C:\Windows\System32\sechost.dll
0x00007ff9ad3e0000 - 0x00007ff9ad408000 	C:\Windows\System32\bcrypt.dll
0x00007ff9ad9e0000 - 0x00007ff9adaf4000 	C:\Windows\System32\RPCRT4.dll
0x00007ff9aecc0000 - 0x00007ff9aecc8000 	C:\Windows\System32\PSAPI.DLL
0x00007ff9a8420000 - 0x00007ff9a8429000 	C:\Windows\SYSTEM32\WSOCK32.dll
0x00007ff9a8fd0000 - 0x00007ff9a9004000 	C:\Windows\SYSTEM32\WINMM.dll
0x00007ff9a69d0000 - 0x00007ff9a69da000 	C:\Windows\SYSTEM32\VERSION.dll
0x00007ff9af300000 - 0x00007ff9af371000 	C:\Windows\System32\WS2_32.dll
0x00007ff9abfc0000 - 0x00007ff9abfd8000 	C:\Windows\SYSTEM32\kernel.appcore.dll
0x00007ff9928f0000 - 0x00007ff992900000 	C:\Program Files\Unity\Hub\Editor\2022.3.26f1\Editor\Data\PlaybackEngines\AndroidPlayer\OpenJDK\bin\verify.dll
0x00007ff9a30d0000 - 0x00007ff9a3302000 	C:\Windows\SYSTEM32\DBGHELP.DLL
0x00007ff9ae930000 - 0x00007ff9aecbe000 	C:\Windows\System32\combase.dll
0x00007ff9adb00000 - 0x00007ff9adbd7000 	C:\Windows\System32\OLEAUT32.dll
0x00007ff98aca0000 - 0x00007ff98acd2000 	C:\Windows\SYSTEM32\dbgcore.DLL
0x00007ff9ad900000 - 0x00007ff9ad97b000 	C:\Windows\System32\bcryptPrimitives.dll
0x00007ff986140000 - 0x00007ff986168000 	C:\Program Files\Unity\Hub\Editor\2022.3.26f1\Editor\Data\PlaybackEngines\AndroidPlayer\OpenJDK\bin\java.dll
0x00007ff992630000 - 0x00007ff99263a000 	C:\Program Files\Unity\Hub\Editor\2022.3.26f1\Editor\Data\PlaybackEngines\AndroidPlayer\OpenJDK\bin\jimage.dll
0x00007ff92f8e0000 - 0x00007ff92f8f8000 	C:\Program Files\Unity\Hub\Editor\2022.3.26f1\Editor\Data\PlaybackEngines\AndroidPlayer\OpenJDK\bin\zip.dll

dbghelp: loaded successfully - version: 4.0.5 - missing functions: none
symbol engine: initialized successfully - sym options: 0x614 - pdb path: .;C:\Program Files\Unity\Hub\Editor\2022.3.26f1\Editor\Data\PlaybackEngines\AndroidPlayer\OpenJDK\bin;C:\Windows\SYSTEM32;C:\Windows\WinSxS\amd64_microsoft.windows.common-controls_6595b64144ccf1df_6.0.22621.3672_none_2713b9d173822955;C:\Program Files\Unity\Hub\Editor\2022.3.26f1\Editor\Data\PlaybackEngines\AndroidPlayer\OpenJDK\bin\server

VM Arguments:
jvm_args: -Dfile.encoding=UTF-8 
java_command: org.gradle.launcher.GradleMain -Dorg.gradle.jvmargs=-Xmx4096m --stop
java_class_path (initial): C:\Program Files\Unity\Hub\Editor\2022.3.26f1\Editor\Data\PlaybackEngines\AndroidPlayer\Tools\gradle\lib\gradle-launcher-7.2.jar
Launcher Type: SUN_STANDARD

[Global flags]
     intx CICompilerCount                          = 4                                         {product} {ergonomic}
     uint ConcGCThreads                            = 3                                         {product} {ergonomic}
     uint G1ConcRefinementThreads                  = 10                                        {product} {ergonomic}
   size_t G1HeapRegionSize                         = 1048576                                   {product} {ergonomic}
    uintx GCDrainStackTargetSize                   = 64                                        {product} {ergonomic}
   size_t InitialHeapSize                          = 402653184                                 {product} {ergonomic}
   size_t MarkStackSize                            = 4194304                                   {product} {ergonomic}
   size_t MaxHeapSize                              = 6419382272                                {product} {ergonomic}
   size_t MinHeapDeltaBytes                        = 1048576                                   {product} {ergonomic}
    uintx NonNMethodCodeHeapSize                   = 5836300                                {pd product} {ergonomic}
    uintx NonProfiledCodeHeapSize                  = 122910970                              {pd product} {ergonomic}
    uintx ProfiledCodeHeapSize                     = 122910970                              {pd product} {ergonomic}
    uintx ReservedCodeCacheSize                    = 251658240                              {pd product} {ergonomic}
     bool SegmentedCodeCache                       = true                                      {product} {ergonomic}
     bool UseCompressedClassPointers               = true                                 {lp64_product} {ergonomic}
     bool UseCompressedOops                        = true                                 {lp64_product} {ergonomic}
     bool UseG1GC                                  = true                                      {product} {ergonomic}
     bool UseLargePagesIndividualAllocation        = false                                  {pd product} {ergonomic}

Logging:
Log output configuration:
 #0: stdout all=warning uptime,level,tags
 #1: stderr all=off uptime,level,tags

Environment Variables:
JAVA_HOME=C:\Program Files\Unity\Hub\Editor\2022.3.26f1\Editor\Data\PlaybackEngines\AndroidPlayer\OpenJDK
JAVA_TOOL_OPTIONS=-Dfile.encoding=UTF-8
PATH=C:\VulkanSDK\1.3.261.1\Bin;A:\Oculus\Support\oculus-runtime;C:\Program Files\Microsoft\jdk-11.0.16.101-hotspot\bin;C:\WINDOWS\system32;C:\WINDOWS;C:\WINDOWS\System32\Wbem;C:\WINDOWS\System32\WindowsPowerShell\v1.0\;C:\WINDOWS\System32\OpenSSH\;C:\Program Files\Git\cmd;C:\Program Files\NVIDIA Corporation\NVIDIA NvDLISR;C:\Program Files (x86)\NVIDIA Corporation\PhysX\Common;C:\Program Files\Microsoft SQL Server\150\Tools\Binn\;C:\Program Files\Git LFS;C:\Program Files\Unity\Hub\Editor\2021.3.19f1\Editor\Data\PlaybackEngines\AndroidPlayer\SDK\platform-tools;C:\Windows\system32;C:\Windows;C:\Windows\System32\Wbem;C:\Windows\System32\WindowsPowerShell\v1.0\;C:\Windows\System32\OpenSSH\;C:\Program Files\dotnet\;C:\Program Files\OpenSSL-Win64\bin;C:\Program Files (x86)\Windows Kits\10\Windows Performance Toolkit\;C:\Users\yskha\AppData\Local\Microsoft\WindowsApps;C:\Users\yskha\AppData\Local\GitHubDesktop\bin;C:\Users\yskha\.dotnet\tools;
USERNAME=yskha
OS=Windows_NT
PROCESSOR_IDENTIFIER=Intel64 Family 6 Model 158 Stepping 10, GenuineIntel



---------------  S Y S T E M  ---------------

OS: Windows 11 , 64 bit Build 22621 (10.0.22621.3958)
OS uptime: 0 days 12:44 hours

CPU:total 12 (initial active 12) (6 cores per cpu, 2 threads per core) family 6 model 158 stepping 10 microcode 0xde, cmov, cx8, fxsr, mmx, sse, sse2, sse3, ssse3, sse4.1, sse4.2, popcnt, avx, avx2, aes, clmul, erms, rtm, 3dnowpref, lzcnt, ht, tsc, tscinvbit, bmi1, bmi2, adx, fma

Memory: 4k page, system-wide physical 24487M (4789M free)
TotalPageFile size 47930M (AvailPageFile size 66M)
current process WorkingSet (physical memory assigned to process): 11M, peak: 11M
current process commit charge ("private bytes"): 65M, peak: 449M

vm_info: OpenJDK 64-Bit Server VM (11.0.14.1+1) for windows-amd64 JRE (11.0.14.1+1), built on Feb  9 2022 01:48:27 by "" with unknown MS VC++:1916

END.
